<?xml version="1.0" encoding="UTF-8"?>
<testsuite name="app.demo.mongodb.todo.TaskToDoRepositoryAdapterTest" tests="2" skipped="0" failures="0" errors="0" timestamp="2019-08-16T20:48:07" hostname="MacBook-Pro-de-rpombo-3.local" time="0.673">
  <properties/>
  <testcase name="shouldFindAll" classname="app.demo.mongodb.todo.TaskToDoRepositoryAdapterTest" time="0.62"/>
  <testcase name="findAllUserOpenTasks" classname="app.demo.mongodb.todo.TaskToDoRepositoryAdapterTest" time="0.052"/>
  <system-out><![CDATA[15:45:39.053 [Test worker] DEBUG org.springframework.test.context.junit4.SpringJUnit4ClassRunner - SpringJUnit4ClassRunner constructor called with [class app.demo.mongodb.todo.TaskToDoRepositoryAdapterTest]
15:45:39.068 [Test worker] DEBUG org.springframework.test.context.BootstrapUtils - Instantiating CacheAwareContextLoaderDelegate from class [org.springframework.test.context.cache.DefaultCacheAwareContextLoaderDelegate]
15:45:39.085 [Test worker] DEBUG org.springframework.test.context.BootstrapUtils - Instantiating BootstrapContext using constructor [public org.springframework.test.context.support.DefaultBootstrapContext(java.lang.Class,org.springframework.test.context.CacheAwareContextLoaderDelegate)]
15:45:39.121 [Test worker] DEBUG org.springframework.test.context.BootstrapUtils - Instantiating TestContextBootstrapper for test class [app.demo.mongodb.todo.TaskToDoRepositoryAdapterTest] from class [org.springframework.boot.test.context.SpringBootTestContextBootstrapper]
15:45:39.139 [Test worker] INFO org.springframework.boot.test.context.SpringBootTestContextBootstrapper - Neither @ContextConfiguration nor @ContextHierarchy found for test class [app.demo.mongodb.todo.TaskToDoRepositoryAdapterTest], using SpringBootContextLoader
15:45:39.146 [Test worker] DEBUG org.springframework.test.context.support.AbstractContextLoader - Did not detect default resource location for test class [app.demo.mongodb.todo.TaskToDoRepositoryAdapterTest]: class path resource [app/demo/mongodb/todo/TaskToDoRepositoryAdapterTest-context.xml] does not exist
15:45:39.146 [Test worker] DEBUG org.springframework.test.context.support.AbstractContextLoader - Did not detect default resource location for test class [app.demo.mongodb.todo.TaskToDoRepositoryAdapterTest]: class path resource [app/demo/mongodb/todo/TaskToDoRepositoryAdapterTestContext.groovy] does not exist
15:45:39.147 [Test worker] INFO org.springframework.test.context.support.AbstractContextLoader - Could not detect default resource locations for test class [app.demo.mongodb.todo.TaskToDoRepositoryAdapterTest]: no resource found for suffixes {-context.xml, Context.groovy}.
15:45:39.148 [Test worker] INFO org.springframework.test.context.support.AnnotationConfigContextLoaderUtils - Could not detect default configuration classes for test class [app.demo.mongodb.todo.TaskToDoRepositoryAdapterTest]: TaskToDoRepositoryAdapterTest does not declare any static, non-private, non-final, nested classes annotated with @Configuration.
15:45:39.203 [Test worker] DEBUG org.springframework.test.context.support.ActiveProfilesUtils - Could not find an 'annotation declaring class' for annotation type [org.springframework.test.context.ActiveProfiles] and class [app.demo.mongodb.todo.TaskToDoRepositoryAdapterTest]
15:45:39.324 [Test worker] DEBUG org.springframework.context.annotation.ClassPathScanningCandidateComponentProvider - Identified candidate component class: file [/Users/derico/Documents/T+1/Clean Architecture/service-base/infraestructure/driven-adapters/mongodb-repository/build/classes/java/test/app/demo/mongodb/todo/TestApp.class]
15:45:39.332 [Test worker] INFO org.springframework.boot.test.context.SpringBootTestContextBootstrapper - Found @SpringBootConfiguration app.demo.mongodb.todo.TestApp for test class app.demo.mongodb.todo.TaskToDoRepositoryAdapterTest
15:45:39.476 [Test worker] DEBUG org.springframework.boot.test.context.SpringBootTestContextBootstrapper - @TestExecutionListeners is not present for class [app.demo.mongodb.todo.TaskToDoRepositoryAdapterTest]: using defaults.
15:45:39.477 [Test worker] INFO org.springframework.boot.test.context.SpringBootTestContextBootstrapper - Loaded default TestExecutionListener class names from location [META-INF/spring.factories]: [org.springframework.boot.test.autoconfigure.restdocs.RestDocsTestExecutionListener, org.springframework.boot.test.autoconfigure.web.client.MockRestServiceServerResetTestExecutionListener, org.springframework.boot.test.autoconfigure.web.servlet.MockMvcPrintOnlyOnFailureTestExecutionListener, org.springframework.boot.test.autoconfigure.web.servlet.WebDriverTestExecutionListener, org.springframework.boot.test.mock.mockito.MockitoTestExecutionListener, org.springframework.boot.test.mock.mockito.ResetMocksTestExecutionListener, org.springframework.test.context.web.ServletTestExecutionListener, org.springframework.test.context.support.DirtiesContextBeforeModesTestExecutionListener, org.springframework.test.context.support.DependencyInjectionTestExecutionListener, org.springframework.test.context.support.DirtiesContextTestExecutionListener, org.springframework.test.context.transaction.TransactionalTestExecutionListener, org.springframework.test.context.jdbc.SqlScriptsTestExecutionListener]
15:45:39.491 [Test worker] DEBUG org.springframework.boot.test.context.SpringBootTestContextBootstrapper - Skipping candidate TestExecutionListener [org.springframework.test.context.web.ServletTestExecutionListener] due to a missing dependency. Specify custom listener classes or make the default listener classes and their required dependencies available. Offending class: [javax/servlet/ServletContext]
15:45:39.502 [Test worker] INFO org.springframework.boot.test.context.SpringBootTestContextBootstrapper - Using TestExecutionListeners: [org.springframework.test.context.support.DirtiesContextBeforeModesTestExecutionListener@6b7cc7fc, org.springframework.boot.test.mock.mockito.MockitoTestExecutionListener@75cd824d, org.springframework.boot.test.autoconfigure.SpringBootDependencyInjectionTestExecutionListener@be1fe74, org.springframework.test.context.support.DirtiesContextTestExecutionListener@449cefc3, org.springframework.test.context.transaction.TransactionalTestExecutionListener@49d2838b, org.springframework.test.context.jdbc.SqlScriptsTestExecutionListener@5094bf16, org.springframework.boot.test.autoconfigure.restdocs.RestDocsTestExecutionListener@5402e92e, org.springframework.boot.test.autoconfigure.web.client.MockRestServiceServerResetTestExecutionListener@7743f69a, org.springframework.boot.test.autoconfigure.web.servlet.MockMvcPrintOnlyOnFailureTestExecutionListener@2a50fd22, org.springframework.boot.test.autoconfigure.web.servlet.WebDriverTestExecutionListener@5f499b71, org.springframework.boot.test.mock.mockito.ResetMocksTestExecutionListener@1c41422f]
15:45:39.506 [Test worker] DEBUG org.springframework.test.annotation.ProfileValueUtils - Retrieved @ProfileValueSourceConfiguration [null] for test class [app.demo.mongodb.todo.TaskToDoRepositoryAdapterTest]
15:45:39.507 [Test worker] DEBUG org.springframework.test.annotation.ProfileValueUtils - Retrieved ProfileValueSource type [class org.springframework.test.annotation.SystemProfileValueSource] for class [app.demo.mongodb.todo.TaskToDoRepositoryAdapterTest]
15:45:39.508 [Test worker] DEBUG org.springframework.test.annotation.ProfileValueUtils - Retrieved @ProfileValueSourceConfiguration [null] for test class [app.demo.mongodb.todo.TaskToDoRepositoryAdapterTest]
15:45:39.508 [Test worker] DEBUG org.springframework.test.annotation.ProfileValueUtils - Retrieved ProfileValueSource type [class org.springframework.test.annotation.SystemProfileValueSource] for class [app.demo.mongodb.todo.TaskToDoRepositoryAdapterTest]
15:45:39.514 [Test worker] DEBUG org.springframework.test.context.support.AbstractDirtiesContextTestExecutionListener - Before test class: context [DefaultTestContext@5c60bd36 testClass = TaskToDoRepositoryAdapterTest, testInstance = [null], testMethod = [null], testException = [null], mergedContextConfiguration = [MergedContextConfiguration@5c924f48 testClass = TaskToDoRepositoryAdapterTest, locations = '{}', classes = '{class app.demo.mongodb.todo.TestApp}', contextInitializerClasses = '[]', activeProfiles = '{}', propertySourceLocations = '{}', propertySourceProperties = '{org.springframework.boot.test.context.SpringBootTestContextBootstrapper=true}', contextCustomizers = set[org.springframework.boot.test.autoconfigure.properties.PropertyMappingContextCustomizer@0, org.springframework.boot.test.autoconfigure.web.servlet.WebDriverContextCustomizerFactory$Customizer@15c940ac, org.springframework.boot.test.context.filter.ExcludeFilterContextCustomizer@74918a3b, org.springframework.boot.test.json.DuplicateJsonObjectContextCustomizerFactory$DuplicateJsonObjectContextCustomizer@517e7089, org.springframework.boot.test.mock.mockito.MockitoContextCustomizer@0, org.springframework.boot.test.web.client.TestRestTemplateContextCustomizer@7c01d957], contextLoader = 'org.springframework.boot.test.context.SpringBootContextLoader', parent = [null]], attributes = map[[empty]]], class annotated with @DirtiesContext [false] with mode [null].
15:45:39.515 [Test worker] DEBUG org.springframework.test.annotation.ProfileValueUtils - Retrieved @ProfileValueSourceConfiguration [null] for test class [app.demo.mongodb.todo.TaskToDoRepositoryAdapterTest]
15:45:39.515 [Test worker] DEBUG org.springframework.test.annotation.ProfileValueUtils - Retrieved ProfileValueSource type [class org.springframework.test.annotation.SystemProfileValueSource] for class [app.demo.mongodb.todo.TaskToDoRepositoryAdapterTest]
15:45:39.523 [Test worker] DEBUG org.springframework.test.context.support.DependencyInjectionTestExecutionListener - Performing dependency injection for test context [[DefaultTestContext@5c60bd36 testClass = TaskToDoRepositoryAdapterTest, testInstance = app.demo.mongodb.todo.TaskToDoRepositoryAdapterTest@59f43889, testMethod = [null], testException = [null], mergedContextConfiguration = [MergedContextConfiguration@5c924f48 testClass = TaskToDoRepositoryAdapterTest, locations = '{}', classes = '{class app.demo.mongodb.todo.TestApp}', contextInitializerClasses = '[]', activeProfiles = '{}', propertySourceLocations = '{}', propertySourceProperties = '{org.springframework.boot.test.context.SpringBootTestContextBootstrapper=true}', contextCustomizers = set[org.springframework.boot.test.autoconfigure.properties.PropertyMappingContextCustomizer@0, org.springframework.boot.test.autoconfigure.web.servlet.WebDriverContextCustomizerFactory$Customizer@15c940ac, org.springframework.boot.test.context.filter.ExcludeFilterContextCustomizer@74918a3b, org.springframework.boot.test.json.DuplicateJsonObjectContextCustomizerFactory$DuplicateJsonObjectContextCustomizer@517e7089, org.springframework.boot.test.mock.mockito.MockitoContextCustomizer@0, org.springframework.boot.test.web.client.TestRestTemplateContextCustomizer@7c01d957], contextLoader = 'org.springframework.boot.test.context.SpringBootContextLoader', parent = [null]], attributes = map[[empty]]]].
15:45:39.557 [Test worker] DEBUG org.springframework.test.context.support.TestPropertySourceUtils - Adding inlined properties to environment: {spring.jmx.enabled=false, org.springframework.boot.test.context.SpringBootTestContextBootstrapper=true, server.port=-1}

  .   ____          _            __ _ _
 /\\ / ___'_ __ _ _(_)_ __  __ _ \ \ \ \
( ( )\___ | '_ | '_| | '_ \/ _` | \ \ \ \
 \\/  ___)| |_)| | | | | || (_| |  ) ) ) )
  '  |____| .__|_| |_|_| |_\__, | / / / /
 =========|_|==============|___/=/_/_/_/
 :: Spring Boot ::        (v2.1.1.RELEASE)

2019-08-16 15:45:39.880  INFO 28342 --- [    Test worker] a.d.m.t.TaskToDoRepositoryAdapterTest    : Starting TaskToDoRepositoryAdapterTest on MacBook-Pro-de-rpombo-3.local with PID 28342 (started by derico in /Users/derico/Documents/T+1/Clean Architecture/service-base/infraestructure/driven-adapters/mongodb-repository)
2019-08-16 15:45:39.882  INFO 28342 --- [    Test worker] a.d.m.t.TaskToDoRepositoryAdapterTest    : No active profile set, falling back to default profiles: default
2019-08-16 15:45:40.343  INFO 28342 --- [    Test worker] .s.d.r.c.RepositoryConfigurationDelegate : Bootstrapping Spring Data repositories in DEFAULT mode.
2019-08-16 15:45:40.572  INFO 28342 --- [    Test worker] .s.d.r.c.RepositoryConfigurationDelegate : Finished Spring Data repository scanning in 224ms. Found 1 repository interfaces.
2019-08-16 15:45:40.579  INFO 28342 --- [    Test worker] .s.d.r.c.RepositoryConfigurationDelegate : Bootstrapping Spring Data repositories in DEFAULT mode.
2019-08-16 15:45:40.582  INFO 28342 --- [    Test worker] .s.d.r.c.RepositoryConfigurationDelegate : Finished Spring Data repository scanning in 3ms. Found 0 repository interfaces.
2019-08-16 15:45:40.982  INFO 28342 --- [    Test worker] o.s.b.a.mongo.embedded.EmbeddedMongo     : Download Version{3.5.5}:OS_X:B64 : starting...
2019-08-16 15:45:44.278  INFO 28342 --- [    Test worker] o.s.b.a.mongo.embedded.EmbeddedMongo     : Download Version{3.5.5}:OS_X:B64 : DownloadSize: 81088927
2019-08-16 15:45:44.285  INFO 28342 --- [    Test worker] o.s.b.a.mongo.embedded.EmbeddedMongo     : Download Version{3.5.5}:OS_X:B64 : 0 %
2019-08-16 15:45:58.558  INFO 28342 --- [    Test worker] o.s.b.a.mongo.embedded.EmbeddedMongo     : Download Version{3.5.5}:OS_X:B64 : 10 %
2019-08-16 15:46:12.934  INFO 28342 --- [    Test worker] o.s.b.a.mongo.embedded.EmbeddedMongo     : Download Version{3.5.5}:OS_X:B64 : 20 %
2019-08-16 15:46:26.502  INFO 28342 --- [    Test worker] o.s.b.a.mongo.embedded.EmbeddedMongo     : Download Version{3.5.5}:OS_X:B64 : 30 %
2019-08-16 15:46:39.335  INFO 28342 --- [    Test worker] o.s.b.a.mongo.embedded.EmbeddedMongo     : Download Version{3.5.5}:OS_X:B64 : 40 %
2019-08-16 15:46:51.973  INFO 28342 --- [    Test worker] o.s.b.a.mongo.embedded.EmbeddedMongo     : Download Version{3.5.5}:OS_X:B64 : 50 %
2019-08-16 15:47:05.161  INFO 28342 --- [    Test worker] o.s.b.a.mongo.embedded.EmbeddedMongo     : Download Version{3.5.5}:OS_X:B64 : 60 %
2019-08-16 15:47:19.376  INFO 28342 --- [    Test worker] o.s.b.a.mongo.embedded.EmbeddedMongo     : Download Version{3.5.5}:OS_X:B64 : 70 %
2019-08-16 15:47:32.627  INFO 28342 --- [    Test worker] o.s.b.a.mongo.embedded.EmbeddedMongo     : Download Version{3.5.5}:OS_X:B64 : 80 %
2019-08-16 15:47:46.169  INFO 28342 --- [    Test worker] o.s.b.a.mongo.embedded.EmbeddedMongo     : Download Version{3.5.5}:OS_X:B64 : 90 %
2019-08-16 15:48:00.200  INFO 28342 --- [    Test worker] o.s.b.a.mongo.embedded.EmbeddedMongo     : Download Version{3.5.5}:OS_X:B64 : 100 %
2019-08-16 15:48:00.200  INFO 28342 --- [    Test worker] o.s.b.a.mongo.embedded.EmbeddedMongo     : Download Version{3.5.5}:OS_X:B64 : downloaded with 586kb/s
2019-08-16 15:48:00.201  INFO 28342 --- [    Test worker] o.s.b.a.mongo.embedded.EmbeddedMongo     : Download Version{3.5.5}:OS_X:B64 : finished
2019-08-16 15:48:00.210  INFO 28342 --- [    Test worker] o.s.b.a.mongo.embedded.EmbeddedMongo     : Extract /Users/derico/.embedmongo/osx/mongodb-osx-x86_64-3.5.5.tgz : starting...
2019-08-16 15:48:01.058  INFO 28342 --- [    Test worker] o.s.b.a.mongo.embedded.EmbeddedMongo     : Extract /Users/derico/.embedmongo/osx/mongodb-osx-x86_64-3.5.5.tgz : extract mongodb-macOS-x86_64-3.5.5/bin/mongod
2019-08-16 15:48:01.058  INFO 28342 --- [    Test worker] o.s.b.a.mongo.embedded.EmbeddedMongo     : Extract /Users/derico/.embedmongo/osx/mongodb-osx-x86_64-3.5.5.tgz : nothing left
2019-08-16 15:48:01.058  INFO 28342 --- [    Test worker] o.s.b.a.mongo.embedded.EmbeddedMongo     : Extract /Users/derico/.embedmongo/osx/mongodb-osx-x86_64-3.5.5.tgz : finished
2019-08-16 15:48:01.219  INFO 28342 --- [       Thread-6] o.s.b.a.mongo.embedded.EmbeddedMongo     : note: noprealloc may hurt performance in many applications
2019-08-16 15:48:01.229  INFO 28342 --- [       Thread-6] o.s.b.a.mongo.embedded.EmbeddedMongo     : 2019-08-16T15:48:01.229-0500 I CONTROL  [initandlisten] MongoDB starting : pid=28360 port=57042 dbpath=/var/folders/dp/y_4njl8d4_708m_q7v70nn7r0000gp/T/embedmongo-db-59d77011-1a26-41f5-956f-27ade671f461 64-bit host=MacBook-Pro-de-rpombo-3.local
2019-08-16 15:48:01.230  INFO 28342 --- [       Thread-6] o.s.b.a.mongo.embedded.EmbeddedMongo     : 2019-08-16T15:48:01.229-0500 I CONTROL  [initandlisten] db version v3.5.5
2019-08-16 15:48:01.230  INFO 28342 --- [       Thread-6] o.s.b.a.mongo.embedded.EmbeddedMongo     : 2019-08-16T15:48:01.229-0500 I CONTROL  [initandlisten] git version: 98515c812b6fa893613f063dae568ff8319cbfbd
2019-08-16 15:48:01.230  INFO 28342 --- [       Thread-6] o.s.b.a.mongo.embedded.EmbeddedMongo     : 2019-08-16T15:48:01.229-0500 I CONTROL  [initandlisten] allocator: system
2019-08-16 15:48:01.230  INFO 28342 --- [       Thread-6] o.s.b.a.mongo.embedded.EmbeddedMongo     : 2019-08-16T15:48:01.229-0500 I CONTROL  [initandlisten] modules: none
2019-08-16 15:48:01.230  INFO 28342 --- [       Thread-6] o.s.b.a.mongo.embedded.EmbeddedMongo     : 2019-08-16T15:48:01.229-0500 I CONTROL  [initandlisten] build environment:
2019-08-16 15:48:01.230  INFO 28342 --- [       Thread-6] o.s.b.a.mongo.embedded.EmbeddedMongo     : 2019-08-16T15:48:01.229-0500 I CONTROL  [initandlisten]     distarch: x86_64
2019-08-16 15:48:01.231  INFO 28342 --- [       Thread-6] o.s.b.a.mongo.embedded.EmbeddedMongo     : 2019-08-16T15:48:01.229-0500 I CONTROL  [initandlisten]     target_arch: x86_64
2019-08-16 15:48:01.231  INFO 28342 --- [       Thread-6] o.s.b.a.mongo.embedded.EmbeddedMongo     : 2019-08-16T15:48:01.229-0500 I CONTROL  [initandlisten] options: { net: { bindIp: "127.0.0.1", http: { enabled: false }, port: 57042 }, security: { authorization: "disabled" }, storage: { dbPath: "/var/folders/dp/y_4njl8d4_708m_q7v70nn7r0000gp/T/embedmongo-db-59d77011-1a26-41f5-956f-27ade671f461", journal: { enabled: false }, mmapv1: { preallocDataFiles: false, smallFiles: true }, syncPeriodSecs: 0.0 } }
2019-08-16 15:48:01.231  INFO 28342 --- [       Thread-6] o.s.b.a.mongo.embedded.EmbeddedMongo     : 2019-08-16T15:48:01.231-0500 I STORAGE  [initandlisten] wiredtiger_open config: create,cache_size=7680M,session_max=20000,eviction=(threads_min=4,threads_max=4),config_base=false,statistics=(fast),log=(enabled=true,archive=true,path=journal,compressor=snappy),file_manager=(close_idle_time=100000),checkpoint=(wait=0,log_size=2GB),statistics_log=(wait=0),verbose=(recovery_progress),,log=(enabled=false),
2019-08-16 15:48:01.489  INFO 28342 --- [       Thread-6] o.s.b.a.mongo.embedded.EmbeddedMongo     : 2019-08-16T15:48:01.489-0500 W STORAGE  [initandlisten] Detected configuration for non-active storage engine mmapv1 when current storage engine is wiredTiger
2019-08-16 15:48:01.490  INFO 28342 --- [       Thread-6] o.s.b.a.mongo.embedded.EmbeddedMongo     : 2019-08-16T15:48:01.489-0500 I CONTROL  [initandlisten] 
2019-08-16 15:48:01.490  INFO 28342 --- [       Thread-6] o.s.b.a.mongo.embedded.EmbeddedMongo     : 2019-08-16T15:48:01.489-0500 I CONTROL  [initandlisten] ** NOTE: This is a development version (3.5.5) of MongoDB.
2019-08-16 15:48:01.490  INFO 28342 --- [       Thread-6] o.s.b.a.mongo.embedded.EmbeddedMongo     : 2019-08-16T15:48:01.489-0500 I CONTROL  [initandlisten] **       Not recommended for production.
2019-08-16 15:48:01.490  INFO 28342 --- [       Thread-6] o.s.b.a.mongo.embedded.EmbeddedMongo     : 2019-08-16T15:48:01.489-0500 I CONTROL  [initandlisten] 
2019-08-16 15:48:01.539  INFO 28342 --- [       Thread-6] o.s.b.a.mongo.embedded.EmbeddedMongo     : 2019-08-16T15:48:01.539-0500 I FTDC     [initandlisten] Initializing full-time diagnostic data capture with directory '/var/folders/dp/y_4njl8d4_708m_q7v70nn7r0000gp/T/embedmongo-db-59d77011-1a26-41f5-956f-27ade671f461/diagnostic.data'
2019-08-16 15:48:01.611  INFO 28342 --- [       Thread-6] o.s.b.a.mongo.embedded.EmbeddedMongo     : 2019-08-16T15:48:01.611-0500 I INDEX    [initandlisten] build index on: admin.system.version properties: { v: 2, key: { version: 1 }, name: "incompatible_with_version_32", ns: "admin.system.version" }
2019-08-16 15:48:01.612  INFO 28342 --- [       Thread-6] o.s.b.a.mongo.embedded.EmbeddedMongo     : 2019-08-16T15:48:01.611-0500 I INDEX    [initandlisten] 	 building index using bulk method; build may temporarily use up to 500 megabytes of RAM
2019-08-16 15:48:01.618  INFO 28342 --- [       Thread-6] o.s.b.a.mongo.embedded.EmbeddedMongo     : 2019-08-16T15:48:01.617-0500 I INDEX    [initandlisten] build index done.  scanned 0 total records. 0 secs
2019-08-16 15:48:01.618  INFO 28342 --- [       Thread-6] o.s.b.a.mongo.embedded.EmbeddedMongo     : 2019-08-16T15:48:01.618-0500 I COMMAND  [initandlisten] setting featureCompatibilityVersion to 3.4
2019-08-16 15:48:01.618  INFO 28342 --- [       Thread-6] o.s.b.a.mongo.embedded.EmbeddedMongo     : 2019-08-16T15:48:01.618-0500 I NETWORK  [thread1] waiting for connections on port 57042
2019-08-16 15:48:01.619  INFO 28342 --- [    Test worker] d.f.embed.mongo.MongodExecutable         : start de.flapdoodle.embed.mongo.config.MongodConfigBuilder$ImmutableMongodConfig@37228840
2019-08-16 15:48:06.763  INFO 28342 --- [    Test worker] org.mongodb.driver.cluster               : Cluster created with settings {hosts=[localhost:57042], mode=SINGLE, requiredClusterType=UNKNOWN, serverSelectionTimeout='30000 ms', maxWaitQueueSize=500}
2019-08-16 15:48:06.823  INFO 28342 --- [       Thread-6] o.s.b.a.mongo.embedded.EmbeddedMongo     : 2019-08-16T15:48:06.823-0500 I NETWORK  [thread1] connection accepted from 127.0.0.1:57128 #1 (1 connection now open)
2019-08-16 15:48:06.838  INFO 28342 --- [       Thread-6] o.s.b.a.mongo.embedded.EmbeddedMongo     : 2019-08-16T15:48:06.838-0500 I NETWORK  [conn1] received client metadata from 127.0.0.1:57128 conn1: { driver: { name: "mongo-java-driver|mongo-java-driver-reactivestreams", version: "3.8.2|1.9.2" }, os: { type: "Darwin", name: "Mac OS X", architecture: "x86_64", version: "10.14.3" }, platform: "Java/Oracle Corporation/12.0.1+12" }
2019-08-16 15:48:06.856  INFO 28342 --- [localhost:57042] org.mongodb.driver.connection            : Opened connection [connectionId{localValue:1, serverValue:1}] to localhost:57042
2019-08-16 15:48:06.860  INFO 28342 --- [localhost:57042] org.mongodb.driver.cluster               : Monitor thread successfully connected to server with description ServerDescription{address=localhost:57042, type=STANDALONE, state=CONNECTED, ok=true, version=ServerVersion{versionList=[3, 5, 5]}, minWireVersion=0, maxWireVersion=5, maxDocumentSize=16777216, logicalSessionTimeoutMinutes=null, roundTripTimeNanos=1590360}
2019-08-16 15:48:06.865  INFO 28342 --- [    Test worker] org.mongodb.driver.cluster               : Cluster created with settings {hosts=[localhost:57042], mode=MULTIPLE, requiredClusterType=UNKNOWN, serverSelectionTimeout='30000 ms', maxWaitQueueSize=500}
2019-08-16 15:48:06.865  INFO 28342 --- [    Test worker] org.mongodb.driver.cluster               : Adding discovered server localhost:57042 to client view of cluster
2019-08-16 15:48:06.868  INFO 28342 --- [       Thread-6] o.s.b.a.mongo.embedded.EmbeddedMongo     : 2019-08-16T15:48:06.868-0500 I NETWORK  [thread1] connection accepted from 127.0.0.1:57129 #2 (2 connections now open)
2019-08-16 15:48:06.868  INFO 28342 --- [       Thread-6] o.s.b.a.mongo.embedded.EmbeddedMongo     : 2019-08-16T15:48:06.868-0500 I NETWORK  [conn2] received client metadata from 127.0.0.1:57129 conn2: { driver: { name: "mongo-java-driver", version: "3.8.2" }, os: { type: "Darwin", name: "Mac OS X", architecture: "x86_64", version: "10.14.3" }, platform: "Java/Oracle Corporation/12.0.1+12" }
2019-08-16 15:48:06.871  INFO 28342 --- [localhost:57042] org.mongodb.driver.connection            : Opened connection [connectionId{localValue:2, serverValue:2}] to localhost:57042
2019-08-16 15:48:06.871  INFO 28342 --- [localhost:57042] org.mongodb.driver.cluster               : Monitor thread successfully connected to server with description ServerDescription{address=localhost:57042, type=STANDALONE, state=CONNECTED, ok=true, version=ServerVersion{versionList=[3, 5, 5]}, minWireVersion=0, maxWireVersion=5, maxDocumentSize=16777216, logicalSessionTimeoutMinutes=null, roundTripTimeNanos=614662}
2019-08-16 15:48:06.872  INFO 28342 --- [localhost:57042] org.mongodb.driver.cluster               : Discovered cluster type of STANDALONE
2019-08-16 15:48:07.392  INFO 28342 --- [    Test worker] a.d.m.t.TaskToDoRepositoryAdapterTest    : Started TaskToDoRepositoryAdapterTest in 147.831 seconds (JVM running for 154.238)
2019-08-16 15:48:07.810  INFO 28342 --- [       Thread-6] o.s.b.a.mongo.embedded.EmbeddedMongo     : 2019-08-16T15:48:07.809-0500 I NETWORK  [thread1] connection accepted from 127.0.0.1:57130 #3 (3 connections now open)
2019-08-16 15:48:07.811  INFO 28342 --- [       Thread-6] o.s.b.a.mongo.embedded.EmbeddedMongo     : 2019-08-16T15:48:07.811-0500 I NETWORK  [thread1] connection accepted from 127.0.0.1:57131 #4 (4 connections now open)
2019-08-16 15:48:07.812  INFO 28342 --- [       Thread-6] o.s.b.a.mongo.embedded.EmbeddedMongo     : 2019-08-16T15:48:07.812-0500 I NETWORK  [thread1] connection accepted from 127.0.0.1:57132 #5 (5 connections now open)
2019-08-16 15:48:07.813  INFO 28342 --- [       Thread-6] o.s.b.a.mongo.embedded.EmbeddedMongo     : 2019-08-16T15:48:07.813-0500 I NETWORK  [thread1] connection accepted from 127.0.0.1:57133 #6 (6 connections now open)
2019-08-16 15:48:07.813  INFO 28342 --- [       Thread-6] o.s.b.a.mongo.embedded.EmbeddedMongo     : 2019-08-16T15:48:07.813-0500 I NETWORK  [conn5] received client metadata from 127.0.0.1:57132 conn5: { driver: { name: "mongo-java-driver|mongo-java-driver-reactivestreams", version: "3.8.2|1.9.2" }, os: { type: "Darwin", name: "Mac OS X", architecture: "x86_64", version: "10.14.3" }, platform: "Java/Oracle Corporation/12.0.1+12" }
2019-08-16 15:48:07.813  INFO 28342 --- [       Thread-6] o.s.b.a.mongo.embedded.EmbeddedMongo     : 2019-08-16T15:48:07.813-0500 I NETWORK  [conn4] received client metadata from 127.0.0.1:57131 conn4: { driver: { name: "mongo-java-driver|mongo-java-driver-reactivestreams", version: "3.8.2|1.9.2" }, os: { type: "Darwin", name: "Mac OS X", architecture: "x86_64", version: "10.14.3" }, platform: "Java/Oracle Corporation/12.0.1+12" }
2019-08-16 15:48:07.814  INFO 28342 --- [       Thread-6] o.s.b.a.mongo.embedded.EmbeddedMongo     : 2019-08-16T15:48:07.813-0500 I NETWORK  [conn3] received client metadata from 127.0.0.1:57130 conn3: { driver: { name: "mongo-java-driver|mongo-java-driver-reactivestreams", version: "3.8.2|1.9.2" }, os: { type: "Darwin", name: "Mac OS X", architecture: "x86_64", version: "10.14.3" }, platform: "Java/Oracle Corporation/12.0.1+12" }
2019-08-16 15:48:07.814  INFO 28342 --- [       Thread-6] o.s.b.a.mongo.embedded.EmbeddedMongo     : 2019-08-16T15:48:07.813-0500 I NETWORK  [conn6] received client metadata from 127.0.0.1:57133 conn6: { driver: { name: "mongo-java-driver|mongo-java-driver-reactivestreams", version: "3.8.2|1.9.2" }, os: { type: "Darwin", name: "Mac OS X", architecture: "x86_64", version: "10.14.3" }, platform: "Java/Oracle Corporation/12.0.1+12" }
2019-08-16 15:48:07.820  INFO 28342 --- [      Thread-21] org.mongodb.driver.connection            : Opened connection [connectionId{localValue:3, serverValue:3}] to localhost:57042
2019-08-16 15:48:07.820  INFO 28342 --- [      Thread-11] org.mongodb.driver.connection            : Opened connection [connectionId{localValue:4, serverValue:4}] to localhost:57042
2019-08-16 15:48:07.820  INFO 28342 --- [      Thread-19] org.mongodb.driver.connection            : Opened connection [connectionId{localValue:6, serverValue:6}] to localhost:57042
2019-08-16 15:48:07.820  INFO 28342 --- [      Thread-13] org.mongodb.driver.connection            : Opened connection [connectionId{localValue:5, serverValue:5}] to localhost:57042
]]></system-out>
  <system-err><![CDATA[]]></system-err>
</testsuite>
