<?xml version="1.0" encoding="UTF-8"?>
<testsuite name="app.demo.jpa.todo.TaskToDoRepositoryAdapterTest" tests="2" skipped="0" failures="0" errors="0" timestamp="2019-08-16T20:45:29" hostname="MacBook-Pro-de-rpombo-3.local" time="0.611">
  <properties/>
  <testcase name="shouldFindAll" classname="app.demo.jpa.todo.TaskToDoRepositoryAdapterTest" time="0.553"/>
  <testcase name="findAllUserOpenTasks" classname="app.demo.jpa.todo.TaskToDoRepositoryAdapterTest" time="0.057"/>
  <system-out><![CDATA[15:45:25.258 [Test worker] DEBUG org.springframework.test.context.junit4.SpringJUnit4ClassRunner - SpringJUnit4ClassRunner constructor called with [class app.demo.jpa.todo.TaskToDoRepositoryAdapterTest]
15:45:25.272 [Test worker] DEBUG org.springframework.test.context.BootstrapUtils - Instantiating CacheAwareContextLoaderDelegate from class [org.springframework.test.context.cache.DefaultCacheAwareContextLoaderDelegate]
15:45:25.287 [Test worker] DEBUG org.springframework.test.context.BootstrapUtils - Instantiating BootstrapContext using constructor [public org.springframework.test.context.support.DefaultBootstrapContext(java.lang.Class,org.springframework.test.context.CacheAwareContextLoaderDelegate)]
15:45:25.320 [Test worker] DEBUG org.springframework.test.context.BootstrapUtils - Instantiating TestContextBootstrapper for test class [app.demo.jpa.todo.TaskToDoRepositoryAdapterTest] from class [org.springframework.boot.test.context.SpringBootTestContextBootstrapper]
15:45:25.337 [Test worker] INFO org.springframework.boot.test.context.SpringBootTestContextBootstrapper - Neither @ContextConfiguration nor @ContextHierarchy found for test class [app.demo.jpa.todo.TaskToDoRepositoryAdapterTest], using SpringBootContextLoader
15:45:25.343 [Test worker] DEBUG org.springframework.test.context.support.AbstractContextLoader - Did not detect default resource location for test class [app.demo.jpa.todo.TaskToDoRepositoryAdapterTest]: class path resource [app/demo/jpa/todo/TaskToDoRepositoryAdapterTest-context.xml] does not exist
15:45:25.343 [Test worker] DEBUG org.springframework.test.context.support.AbstractContextLoader - Did not detect default resource location for test class [app.demo.jpa.todo.TaskToDoRepositoryAdapterTest]: class path resource [app/demo/jpa/todo/TaskToDoRepositoryAdapterTestContext.groovy] does not exist
15:45:25.344 [Test worker] INFO org.springframework.test.context.support.AbstractContextLoader - Could not detect default resource locations for test class [app.demo.jpa.todo.TaskToDoRepositoryAdapterTest]: no resource found for suffixes {-context.xml, Context.groovy}.
15:45:25.345 [Test worker] INFO org.springframework.test.context.support.AnnotationConfigContextLoaderUtils - Could not detect default configuration classes for test class [app.demo.jpa.todo.TaskToDoRepositoryAdapterTest]: TaskToDoRepositoryAdapterTest does not declare any static, non-private, non-final, nested classes annotated with @Configuration.
15:45:25.396 [Test worker] DEBUG org.springframework.test.context.support.ActiveProfilesUtils - Could not find an 'annotation declaring class' for annotation type [org.springframework.test.context.ActiveProfiles] and class [app.demo.jpa.todo.TaskToDoRepositoryAdapterTest]
15:45:25.507 [Test worker] DEBUG org.springframework.context.annotation.ClassPathScanningCandidateComponentProvider - Identified candidate component class: file [/Users/derico/Documents/T+1/Clean Architecture/service-base/infraestructure/driven-adapters/jpa-repository/build/classes/java/test/app/demo/jpa/todo/TestApp.class]
15:45:25.516 [Test worker] INFO org.springframework.boot.test.context.SpringBootTestContextBootstrapper - Found @SpringBootConfiguration app.demo.jpa.todo.TestApp for test class app.demo.jpa.todo.TaskToDoRepositoryAdapterTest
15:45:25.653 [Test worker] DEBUG org.springframework.boot.test.context.SpringBootTestContextBootstrapper - @TestExecutionListeners is not present for class [app.demo.jpa.todo.TaskToDoRepositoryAdapterTest]: using defaults.
15:45:25.654 [Test worker] INFO org.springframework.boot.test.context.SpringBootTestContextBootstrapper - Loaded default TestExecutionListener class names from location [META-INF/spring.factories]: [org.springframework.boot.test.autoconfigure.restdocs.RestDocsTestExecutionListener, org.springframework.boot.test.autoconfigure.web.client.MockRestServiceServerResetTestExecutionListener, org.springframework.boot.test.autoconfigure.web.servlet.MockMvcPrintOnlyOnFailureTestExecutionListener, org.springframework.boot.test.autoconfigure.web.servlet.WebDriverTestExecutionListener, org.springframework.boot.test.mock.mockito.MockitoTestExecutionListener, org.springframework.boot.test.mock.mockito.ResetMocksTestExecutionListener, org.springframework.test.context.web.ServletTestExecutionListener, org.springframework.test.context.support.DirtiesContextBeforeModesTestExecutionListener, org.springframework.test.context.support.DependencyInjectionTestExecutionListener, org.springframework.test.context.support.DirtiesContextTestExecutionListener, org.springframework.test.context.transaction.TransactionalTestExecutionListener, org.springframework.test.context.jdbc.SqlScriptsTestExecutionListener]
15:45:25.668 [Test worker] DEBUG org.springframework.boot.test.context.SpringBootTestContextBootstrapper - Skipping candidate TestExecutionListener [org.springframework.test.context.web.ServletTestExecutionListener] due to a missing dependency. Specify custom listener classes or make the default listener classes and their required dependencies available. Offending class: [javax/servlet/ServletContext]
15:45:25.682 [Test worker] INFO org.springframework.boot.test.context.SpringBootTestContextBootstrapper - Using TestExecutionListeners: [org.springframework.test.context.support.DirtiesContextBeforeModesTestExecutionListener@5e7d4817, org.springframework.boot.test.mock.mockito.MockitoTestExecutionListener@4973bc99, org.springframework.boot.test.autoconfigure.SpringBootDependencyInjectionTestExecutionListener@414361de, org.springframework.test.context.support.DirtiesContextTestExecutionListener@34b85f2c, org.springframework.test.context.transaction.TransactionalTestExecutionListener@31945c, org.springframework.test.context.jdbc.SqlScriptsTestExecutionListener@54f267b7, org.springframework.boot.test.autoconfigure.restdocs.RestDocsTestExecutionListener@e65a166, org.springframework.boot.test.autoconfigure.web.client.MockRestServiceServerResetTestExecutionListener@78d2deb9, org.springframework.boot.test.autoconfigure.web.servlet.MockMvcPrintOnlyOnFailureTestExecutionListener@744d268b, org.springframework.boot.test.autoconfigure.web.servlet.WebDriverTestExecutionListener@33c5286a, org.springframework.boot.test.mock.mockito.ResetMocksTestExecutionListener@1088c1e5]
15:45:25.685 [Test worker] DEBUG org.springframework.test.annotation.ProfileValueUtils - Retrieved @ProfileValueSourceConfiguration [null] for test class [app.demo.jpa.todo.TaskToDoRepositoryAdapterTest]
15:45:25.686 [Test worker] DEBUG org.springframework.test.annotation.ProfileValueUtils - Retrieved ProfileValueSource type [class org.springframework.test.annotation.SystemProfileValueSource] for class [app.demo.jpa.todo.TaskToDoRepositoryAdapterTest]
15:45:25.687 [Test worker] DEBUG org.springframework.test.annotation.ProfileValueUtils - Retrieved @ProfileValueSourceConfiguration [null] for test class [app.demo.jpa.todo.TaskToDoRepositoryAdapterTest]
15:45:25.687 [Test worker] DEBUG org.springframework.test.annotation.ProfileValueUtils - Retrieved ProfileValueSource type [class org.springframework.test.annotation.SystemProfileValueSource] for class [app.demo.jpa.todo.TaskToDoRepositoryAdapterTest]
15:45:25.694 [Test worker] DEBUG org.springframework.test.context.support.AbstractDirtiesContextTestExecutionListener - Before test class: context [DefaultTestContext@73947a9b testClass = TaskToDoRepositoryAdapterTest, testInstance = [null], testMethod = [null], testException = [null], mergedContextConfiguration = [MergedContextConfiguration@263a1e18 testClass = TaskToDoRepositoryAdapterTest, locations = '{}', classes = '{class app.demo.jpa.todo.TestApp}', contextInitializerClasses = '[]', activeProfiles = '{}', propertySourceLocations = '{}', propertySourceProperties = '{org.springframework.boot.test.context.SpringBootTestContextBootstrapper=true}', contextCustomizers = set[org.springframework.boot.test.autoconfigure.properties.PropertyMappingContextCustomizer@0, org.springframework.boot.test.autoconfigure.web.servlet.WebDriverContextCustomizerFactory$Customizer@70cc19aa, org.springframework.boot.test.context.filter.ExcludeFilterContextCustomizer@33f270ce, org.springframework.boot.test.json.DuplicateJsonObjectContextCustomizerFactory$DuplicateJsonObjectContextCustomizer@2359dc18, org.springframework.boot.test.mock.mockito.MockitoContextCustomizer@0, org.springframework.boot.test.web.client.TestRestTemplateContextCustomizer@6b04cb97], contextLoader = 'org.springframework.boot.test.context.SpringBootContextLoader', parent = [null]], attributes = map[[empty]]], class annotated with @DirtiesContext [false] with mode [null].
15:45:25.695 [Test worker] DEBUG org.springframework.test.annotation.ProfileValueUtils - Retrieved @ProfileValueSourceConfiguration [null] for test class [app.demo.jpa.todo.TaskToDoRepositoryAdapterTest]
15:45:25.695 [Test worker] DEBUG org.springframework.test.annotation.ProfileValueUtils - Retrieved ProfileValueSource type [class org.springframework.test.annotation.SystemProfileValueSource] for class [app.demo.jpa.todo.TaskToDoRepositoryAdapterTest]
15:45:25.703 [Test worker] DEBUG org.springframework.test.context.support.DependencyInjectionTestExecutionListener - Performing dependency injection for test context [[DefaultTestContext@73947a9b testClass = TaskToDoRepositoryAdapterTest, testInstance = app.demo.jpa.todo.TaskToDoRepositoryAdapterTest@4b58c273, testMethod = [null], testException = [null], mergedContextConfiguration = [MergedContextConfiguration@263a1e18 testClass = TaskToDoRepositoryAdapterTest, locations = '{}', classes = '{class app.demo.jpa.todo.TestApp}', contextInitializerClasses = '[]', activeProfiles = '{}', propertySourceLocations = '{}', propertySourceProperties = '{org.springframework.boot.test.context.SpringBootTestContextBootstrapper=true}', contextCustomizers = set[org.springframework.boot.test.autoconfigure.properties.PropertyMappingContextCustomizer@0, org.springframework.boot.test.autoconfigure.web.servlet.WebDriverContextCustomizerFactory$Customizer@70cc19aa, org.springframework.boot.test.context.filter.ExcludeFilterContextCustomizer@33f270ce, org.springframework.boot.test.json.DuplicateJsonObjectContextCustomizerFactory$DuplicateJsonObjectContextCustomizer@2359dc18, org.springframework.boot.test.mock.mockito.MockitoContextCustomizer@0, org.springframework.boot.test.web.client.TestRestTemplateContextCustomizer@6b04cb97], contextLoader = 'org.springframework.boot.test.context.SpringBootContextLoader', parent = [null]], attributes = map[[empty]]]].
15:45:25.735 [Test worker] DEBUG org.springframework.test.context.support.TestPropertySourceUtils - Adding inlined properties to environment: {spring.jmx.enabled=false, org.springframework.boot.test.context.SpringBootTestContextBootstrapper=true, server.port=-1}

  .   ____          _            __ _ _
 /\\ / ___'_ __ _ _(_)_ __  __ _ \ \ \ \
( ( )\___ | '_ | '_| | '_ \/ _` | \ \ \ \
 \\/  ___)| |_)| | | | | || (_| |  ) ) ) )
  '  |____| .__|_| |_|_| |_\__, | / / / /
 =========|_|==============|___/=/_/_/_/
 :: Spring Boot ::        (v2.1.1.RELEASE)

2019-08-16 15:45:26.029  INFO 28341 --- [    Test worker] a.d.j.t.TaskToDoRepositoryAdapterTest    : Starting TaskToDoRepositoryAdapterTest on MacBook-Pro-de-rpombo-3.local with PID 28341 (started by derico in /Users/derico/Documents/T+1/Clean Architecture/service-base/infraestructure/driven-adapters/jpa-repository)
2019-08-16 15:45:26.031  INFO 28341 --- [    Test worker] a.d.j.t.TaskToDoRepositoryAdapterTest    : No active profile set, falling back to default profiles: default
2019-08-16 15:45:26.501  INFO 28341 --- [    Test worker] .s.d.r.c.RepositoryConfigurationDelegate : Bootstrapping Spring Data repositories in DEFAULT mode.
2019-08-16 15:45:26.719  INFO 28341 --- [    Test worker] .s.d.r.c.RepositoryConfigurationDelegate : Finished Spring Data repository scanning in 206ms. Found 1 repository interfaces.
2019-08-16 15:45:27.277  INFO 28341 --- [    Test worker] com.zaxxer.hikari.HikariDataSource       : HikariPool-1 - Starting...
2019-08-16 15:45:27.581  INFO 28341 --- [    Test worker] com.zaxxer.hikari.HikariDataSource       : HikariPool-1 - Start completed.
2019-08-16 15:45:27.707  INFO 28341 --- [    Test worker] o.hibernate.jpa.internal.util.LogHelper  : HHH000204: Processing PersistenceUnitInfo [
	name: default
	...]
2019-08-16 15:45:27.817  INFO 28341 --- [    Test worker] org.hibernate.Version                    : HHH000412: Hibernate Core {5.3.7.Final}
2019-08-16 15:45:27.819  INFO 28341 --- [    Test worker] org.hibernate.cfg.Environment            : HHH000206: hibernate.properties not found
2019-08-16 15:45:28.023  INFO 28341 --- [    Test worker] o.hibernate.annotations.common.Version   : HCANN000001: Hibernate Commons Annotations {5.0.4.Final}
2019-08-16 15:45:28.247  INFO 28341 --- [    Test worker] org.hibernate.dialect.Dialect            : HHH000400: Using dialect: org.hibernate.dialect.H2Dialect
Hibernate: 
    
    drop table task_to_do_data if exists
Hibernate: 
    
    create table task_to_do_data (
       id varchar(255) not null,
        assigned_user_id varchar(255),
        description varchar(255),
        done boolean not null,
        done_date timestamp,
        name varchar(255),
        report_status integer,
        primary key (id)
    )
2019-08-16 15:45:29.008  INFO 28341 --- [    Test worker] o.h.t.schema.internal.SchemaCreatorImpl  : HHH000476: Executing import script 'org.hibernate.tool.schema.internal.exec.ScriptSourceInputNonExistentImpl@479bbd78'
2019-08-16 15:45:29.012  INFO 28341 --- [    Test worker] j.LocalContainerEntityManagerFactoryBean : Initialized JPA EntityManagerFactory for persistence unit 'default'
2019-08-16 15:45:29.644  INFO 28341 --- [    Test worker] a.d.j.t.TaskToDoRepositoryAdapterTest    : Started TaskToDoRepositoryAdapterTest in 3.905 seconds (JVM running for 10.211)
Hibernate: 
    select
        tasktododa0_.id as id1_0_0_,
        tasktododa0_.assigned_user_id as assigned2_0_0_,
        tasktododa0_.description as descript3_0_0_,
        tasktododa0_.done as done4_0_0_,
        tasktododa0_.done_date as done_dat5_0_0_,
        tasktododa0_.name as name6_0_0_,
        tasktododa0_.report_status as report_s7_0_0_ 
    from
        task_to_do_data tasktododa0_ 
    where
        tasktododa0_.id=?
Hibernate: 
    select
        tasktododa0_.id as id1_0_0_,
        tasktododa0_.assigned_user_id as assigned2_0_0_,
        tasktododa0_.description as descript3_0_0_,
        tasktododa0_.done as done4_0_0_,
        tasktododa0_.done_date as done_dat5_0_0_,
        tasktododa0_.name as name6_0_0_,
        tasktododa0_.report_status as report_s7_0_0_ 
    from
        task_to_do_data tasktododa0_ 
    where
        tasktododa0_.id=?
Hibernate: 
    select
        tasktododa0_.id as id1_0_0_,
        tasktododa0_.assigned_user_id as assigned2_0_0_,
        tasktododa0_.description as descript3_0_0_,
        tasktododa0_.done as done4_0_0_,
        tasktododa0_.done_date as done_dat5_0_0_,
        tasktododa0_.name as name6_0_0_,
        tasktododa0_.report_status as report_s7_0_0_ 
    from
        task_to_do_data tasktododa0_ 
    where
        tasktododa0_.id=?
Hibernate: 
    select
        tasktododa0_.id as id1_0_0_,
        tasktododa0_.assigned_user_id as assigned2_0_0_,
        tasktododa0_.description as descript3_0_0_,
        tasktododa0_.done as done4_0_0_,
        tasktododa0_.done_date as done_dat5_0_0_,
        tasktododa0_.name as name6_0_0_,
        tasktododa0_.report_status as report_s7_0_0_ 
    from
        task_to_do_data tasktododa0_ 
    where
        tasktododa0_.id=?
Hibernate: 
    insert 
    into
        task_to_do_data
        (assigned_user_id, description, done, done_date, name, report_status, id) 
    values
        (?, ?, ?, ?, ?, ?, ?)
Hibernate: 
    insert 
    into
        task_to_do_data
        (assigned_user_id, description, done, done_date, name, report_status, id) 
    values
        (?, ?, ?, ?, ?, ?, ?)
Hibernate: 
    insert 
    into
        task_to_do_data
        (assigned_user_id, description, done, done_date, name, report_status, id) 
    values
        (?, ?, ?, ?, ?, ?, ?)
Hibernate: 
    insert 
    into
        task_to_do_data
        (assigned_user_id, description, done, done_date, name, report_status, id) 
    values
        (?, ?, ?, ?, ?, ?, ?)
2019-08-16 15:45:29.983  INFO 28341 --- [      elastic-2] o.h.h.i.QueryTranslatorFactoryInitiator  : HHH000397: Using ASTQueryTranslatorFactory
Hibernate: 
    select
        tasktododa0_.id as id1_0_,
        tasktododa0_.assigned_user_id as assigned2_0_,
        tasktododa0_.description as descript3_0_,
        tasktododa0_.done as done4_0_,
        tasktododa0_.done_date as done_dat5_0_,
        tasktododa0_.name as name6_0_,
        tasktododa0_.report_status as report_s7_0_ 
    from
        task_to_do_data tasktododa0_
Hibernate: 
    select
        tasktododa0_.id as id1_0_0_,
        tasktododa0_.assigned_user_id as assigned2_0_0_,
        tasktododa0_.description as descript3_0_0_,
        tasktododa0_.done as done4_0_0_,
        tasktododa0_.done_date as done_dat5_0_0_,
        tasktododa0_.name as name6_0_0_,
        tasktododa0_.report_status as report_s7_0_0_ 
    from
        task_to_do_data tasktododa0_ 
    where
        tasktododa0_.id=?
Hibernate: 
    select
        tasktododa0_.id as id1_0_0_,
        tasktododa0_.assigned_user_id as assigned2_0_0_,
        tasktododa0_.description as descript3_0_0_,
        tasktododa0_.done as done4_0_0_,
        tasktododa0_.done_date as done_dat5_0_0_,
        tasktododa0_.name as name6_0_0_,
        tasktododa0_.report_status as report_s7_0_0_ 
    from
        task_to_do_data tasktododa0_ 
    where
        tasktododa0_.id=?
Hibernate: 
    select
        tasktododa0_.id as id1_0_0_,
        tasktododa0_.assigned_user_id as assigned2_0_0_,
        tasktododa0_.description as descript3_0_0_,
        tasktododa0_.done as done4_0_0_,
        tasktododa0_.done_date as done_dat5_0_0_,
        tasktododa0_.name as name6_0_0_,
        tasktododa0_.report_status as report_s7_0_0_ 
    from
        task_to_do_data tasktododa0_ 
    where
        tasktododa0_.id=?
Hibernate: 
    select
        tasktododa0_.id as id1_0_0_,
        tasktododa0_.assigned_user_id as assigned2_0_0_,
        tasktododa0_.description as descript3_0_0_,
        tasktododa0_.done as done4_0_0_,
        tasktododa0_.done_date as done_dat5_0_0_,
        tasktododa0_.name as name6_0_0_,
        tasktododa0_.report_status as report_s7_0_0_ 
    from
        task_to_do_data tasktododa0_ 
    where
        tasktododa0_.id=?
Hibernate: 
    select
        tasktododa0_.id as id1_0_,
        tasktododa0_.assigned_user_id as assigned2_0_,
        tasktododa0_.description as descript3_0_,
        tasktododa0_.done as done4_0_,
        tasktododa0_.done_date as done_dat5_0_,
        tasktododa0_.name as name6_0_,
        tasktododa0_.report_status as report_s7_0_ 
    from
        task_to_do_data tasktododa0_ 
    where
        tasktododa0_.assigned_user_id=? 
        and tasktododa0_.done=?
]]></system-out>
  <system-err><![CDATA[]]></system-err>
</testsuite>
