<?xml version="1.0" encoding="UTF-8"?>
<testsuite name="app.demo.web.task.QueryTaskServicesTest" tests="2" skipped="0" failures="0" errors="0" timestamp="2019-08-20T15:22:53" hostname="MacBook-Pro-de-rpombo-3.local" time="0.139">
  <properties/>
  <testcase name="shouldFindWithDetails" classname="app.demo.web.task.QueryTaskServicesTest" time="0.11"/>
  <testcase name="shouldListAllTasks" classname="app.demo.web.task.QueryTaskServicesTest" time="0.028"/>
  <system-out><![CDATA[2019-08-20 10:22:53.043  INFO 42027 --- [    Test worker] b.t.a.w.r.WebFluxTestContextBootstrapper : Neither @ContextConfiguration nor @ContextHierarchy found for test class [app.demo.web.task.QueryTaskServicesTest], using SpringBootContextLoader
2019-08-20 10:22:53.044  INFO 42027 --- [    Test worker] o.s.t.c.support.AbstractContextLoader    : Could not detect default resource locations for test class [app.demo.web.task.QueryTaskServicesTest]: no resource found for suffixes {-context.xml, Context.groovy}.
2019-08-20 10:22:53.045  INFO 42027 --- [    Test worker] t.c.s.AnnotationConfigContextLoaderUtils : Could not detect default configuration classes for test class [app.demo.web.task.QueryTaskServicesTest]: QueryTaskServicesTest does not declare any static, non-private, non-final, nested classes annotated with @Configuration.
2019-08-20 10:22:53.049  INFO 42027 --- [    Test worker] .b.t.c.SpringBootTestContextBootstrapper : Found @SpringBootConfiguration app.demo.web.task.TestApp for test class app.demo.web.task.QueryTaskServicesTest
2019-08-20 10:22:53.049  INFO 42027 --- [    Test worker] b.t.a.w.r.WebFluxTestContextBootstrapper : Loaded default TestExecutionListener class names from location [META-INF/spring.factories]: [org.springframework.boot.test.autoconfigure.restdocs.RestDocsTestExecutionListener, org.springframework.boot.test.autoconfigure.web.client.MockRestServiceServerResetTestExecutionListener, org.springframework.boot.test.autoconfigure.web.servlet.MockMvcPrintOnlyOnFailureTestExecutionListener, org.springframework.boot.test.autoconfigure.web.servlet.WebDriverTestExecutionListener, org.springframework.boot.test.mock.mockito.MockitoTestExecutionListener, org.springframework.boot.test.mock.mockito.ResetMocksTestExecutionListener, org.springframework.test.context.web.ServletTestExecutionListener, org.springframework.test.context.support.DirtiesContextBeforeModesTestExecutionListener, org.springframework.test.context.support.DependencyInjectionTestExecutionListener, org.springframework.test.context.support.DirtiesContextTestExecutionListener, org.springframework.test.context.transaction.TransactionalTestExecutionListener, org.springframework.test.context.jdbc.SqlScriptsTestExecutionListener]
2019-08-20 10:22:53.050  INFO 42027 --- [    Test worker] b.t.a.w.r.WebFluxTestContextBootstrapper : Using TestExecutionListeners: [org.springframework.test.context.support.DirtiesContextBeforeModesTestExecutionListener@2cf398a5, org.springframework.boot.test.mock.mockito.MockitoTestExecutionListener@252d0432, org.springframework.boot.test.autoconfigure.SpringBootDependencyInjectionTestExecutionListener@12e66bd3, org.springframework.test.context.support.DirtiesContextTestExecutionListener@34bf4d31, org.springframework.boot.test.autoconfigure.restdocs.RestDocsTestExecutionListener@439ddb3, org.springframework.boot.test.autoconfigure.web.client.MockRestServiceServerResetTestExecutionListener@49f84592, org.springframework.boot.test.autoconfigure.web.servlet.MockMvcPrintOnlyOnFailureTestExecutionListener@68e1178d, org.springframework.boot.test.autoconfigure.web.servlet.WebDriverTestExecutionListener@26790965, org.springframework.boot.test.mock.mockito.ResetMocksTestExecutionListener@6c679c5c]

  .   ____          _            __ _ _
 /\\ / ___'_ __ _ _(_)_ __  __ _ \ \ \ \
( ( )\___ | '_ | '_| | '_ \/ _` | \ \ \ \
 \\/  ___)| |_)| | | | | || (_| |  ) ) ) )
  '  |____| .__|_| |_|_| |_\__, | / / / /
 =========|_|==============|___/=/_/_/_/
 :: Spring Boot ::        (v2.1.1.RELEASE)

2019-08-20 10:22:53.064  INFO 42027 --- [    Test worker] app.demo.web.task.QueryTaskServicesTest  : Starting QueryTaskServicesTest on MacBook-Pro-de-rpombo-3.local with PID 42027 (started by derico in /Users/derico/Documents/T+1/Clean Architecture/service-base/infraestructure/entry-points/reactive-web)
2019-08-20 10:22:53.065  INFO 42027 --- [    Test worker] app.demo.web.task.QueryTaskServicesTest  : No active profile set, falling back to default profiles: default
2019-08-20 10:22:53.262  INFO 42027 --- [    Test worker] app.demo.web.task.QueryTaskServicesTest  : Started QueryTaskServicesTest in 0.209 seconds (JVM running for 9.978)
]]></system-out>
  <system-err><![CDATA[]]></system-err>
</testsuite>
