<?xml version="1.0" encoding="UTF-8"?>
<testsuite name="app.demo.web.task.CreateTasksServiceTest" tests="1" skipped="0" failures="0" errors="0" timestamp="2019-08-20T15:22:58" hostname="MacBook-Pro-de-rpombo-3.local" time="0.009">
  <properties/>
  <testcase name="createNewTaskRestTest" classname="app.demo.web.task.CreateTasksServiceTest" time="0.009"/>
  <system-out><![CDATA[2019-08-20 10:22:53.406  INFO 42027 --- [    Test worker] b.t.a.w.r.WebFluxTestContextBootstrapper : Neither @ContextConfiguration nor @ContextHierarchy found for test class [app.demo.web.task.CreateTasksServiceTest], using SpringBootContextLoader
2019-08-20 10:22:53.407  INFO 42027 --- [    Test worker] o.s.t.c.support.AbstractContextLoader    : Could not detect default resource locations for test class [app.demo.web.task.CreateTasksServiceTest]: no resource found for suffixes {-context.xml, Context.groovy}.
2019-08-20 10:22:53.408  INFO 42027 --- [    Test worker] t.c.s.AnnotationConfigContextLoaderUtils : Could not detect default configuration classes for test class [app.demo.web.task.CreateTasksServiceTest]: CreateTasksServiceTest does not declare any static, non-private, non-final, nested classes annotated with @Configuration.
2019-08-20 10:22:53.411  INFO 42027 --- [    Test worker] .b.t.c.SpringBootTestContextBootstrapper : Found @SpringBootConfiguration app.demo.web.task.TestApp for test class app.demo.web.task.CreateTasksServiceTest
2019-08-20 10:22:53.411  INFO 42027 --- [    Test worker] b.t.a.w.r.WebFluxTestContextBootstrapper : Loaded default TestExecutionListener class names from location [META-INF/spring.factories]: [org.springframework.boot.test.autoconfigure.restdocs.RestDocsTestExecutionListener, org.springframework.boot.test.autoconfigure.web.client.MockRestServiceServerResetTestExecutionListener, org.springframework.boot.test.autoconfigure.web.servlet.MockMvcPrintOnlyOnFailureTestExecutionListener, org.springframework.boot.test.autoconfigure.web.servlet.WebDriverTestExecutionListener, org.springframework.boot.test.mock.mockito.MockitoTestExecutionListener, org.springframework.boot.test.mock.mockito.ResetMocksTestExecutionListener, org.springframework.test.context.web.ServletTestExecutionListener, org.springframework.test.context.support.DirtiesContextBeforeModesTestExecutionListener, org.springframework.test.context.support.DependencyInjectionTestExecutionListener, org.springframework.test.context.support.DirtiesContextTestExecutionListener, org.springframework.test.context.transaction.TransactionalTestExecutionListener, org.springframework.test.context.jdbc.SqlScriptsTestExecutionListener]
2019-08-20 10:22:53.412  INFO 42027 --- [    Test worker] b.t.a.w.r.WebFluxTestContextBootstrapper : Using TestExecutionListeners: [org.springframework.test.context.support.DirtiesContextBeforeModesTestExecutionListener@3cab5d96, org.springframework.boot.test.mock.mockito.MockitoTestExecutionListener@439de3be, org.springframework.boot.test.autoconfigure.SpringBootDependencyInjectionTestExecutionListener@48963da0, org.springframework.test.context.support.DirtiesContextTestExecutionListener@344c6b4f, org.springframework.boot.test.autoconfigure.restdocs.RestDocsTestExecutionListener@52edd7bd, org.springframework.boot.test.autoconfigure.web.client.MockRestServiceServerResetTestExecutionListener@7ec14e4d, org.springframework.boot.test.autoconfigure.web.servlet.MockMvcPrintOnlyOnFailureTestExecutionListener@7431708, org.springframework.boot.test.autoconfigure.web.servlet.WebDriverTestExecutionListener@508212bc, org.springframework.boot.test.mock.mockito.ResetMocksTestExecutionListener@6cee672e]

  .   ____          _            __ _ _
 /\\ / ___'_ __ _ _(_)_ __  __ _ \ \ \ \
( ( )\___ | '_ | '_| | '_ \/ _` | \ \ \ \
 \\/  ___)| |_)| | | | | || (_| |  ) ) ) )
  '  |____| .__|_| |_|_| |_\__, | / / / /
 =========|_|==============|___/=/_/_/_/
 :: Spring Boot ::        (v2.1.1.RELEASE)

2019-08-20 10:22:58.435  INFO 42027 --- [    Test worker] a.demo.web.task.CreateTasksServiceTest   : Starting CreateTasksServiceTest on MacBook-Pro-de-rpombo-3.local with PID 42027 (started by derico in /Users/derico/Documents/T+1/Clean Architecture/service-base/infraestructure/entry-points/reactive-web)
2019-08-20 10:22:58.436  INFO 42027 --- [    Test worker] a.demo.web.task.CreateTasksServiceTest   : No active profile set, falling back to default profiles: default
2019-08-20 10:22:58.623  INFO 42027 --- [    Test worker] a.demo.web.task.CreateTasksServiceTest   : Started CreateTasksServiceTest in 5.209 seconds (JVM running for 15.339)
]]></system-out>
  <system-err><![CDATA[]]></system-err>
</testsuite>
