<?xml version="1.0" encoding="UTF-8"?>
<testsuite name="app.demo.reactive.scheduler.SampleSchedulerTest" tests="1" skipped="0" failures="0" errors="0" timestamp="2019-08-20T15:23:05" hostname="MacBook-Pro-de-rpombo-3.local" time="0.189">
  <properties/>
  <testcase name="checkExpiredMicrochips" classname="app.demo.reactive.scheduler.SampleSchedulerTest" time="0.189"/>
  <system-out><![CDATA[10:23:05.908 [Test worker] DEBUG reactor.util.Loggers$LoggerFactory - Using Slf4j logging framework
]]></system-out>
  <system-err><![CDATA[]]></system-err>
</testsuite>
